This file contains any messages produced by compilers while
running configure, to aid debugging if configure makes a mistake.

It was created by larasynth configure 0.2.5, which was
generated by GNU Autoconf 2.71.  Invocation command line was

  $ ./configure --no-create --no-recursion

## --------- ##
## Platform. ##
## --------- ##

hostname = aaron-virtual-machine
uname -m = x86_64
uname -r = 6.2.0-33-generic
uname -s = Linux
uname -v = #33~22.04.1-Ubuntu SMP PREEMPT_DYNAMIC Thu Sep  7 10:33:52 UTC 2

/usr/bin/uname -p = x86_64
/bin/uname -X     = unknown

/bin/arch              = x86_64
/usr/bin/arch -k       = unknown
/usr/convex/getsysinfo = unknown
/usr/bin/hostinfo      = unknown
/bin/machine           = unknown
/usr/bin/oslevel       = unknown
/bin/universe          = unknown

PATH: /home/aaron/.local/bin/
PATH: /usr/local/sbin/
PATH: /usr/local/bin/
PATH: /usr/sbin/
PATH: /usr/bin/
PATH: /sbin/
PATH: /bin/
PATH: /usr/games/
PATH: /usr/local/games/
PATH: /snap/bin/
PATH: /snap/bin/


## ----------- ##
## Core tests. ##
## ----------- ##

configure:2721: looking for aux files: compile config.guess config.sub ltmain.sh missing install-sh
configure:2734:  trying ./build-aux/
configure:2763:   ./build-aux/compile found
configure:2763:   ./build-aux/config.guess found
configure:2763:   ./build-aux/config.sub found
configure:2763:   ./build-aux/ltmain.sh found
configure:2763:   ./build-aux/missing found
configure:2745:   ./build-aux/install-sh found
configure:2897: checking for a BSD-compatible install
configure:2970: result: /usr/bin/install -c
configure:2981: checking whether build environment is sane
configure:3036: result: yes
configure:3195: checking for a race-free mkdir -p
configure:3239: result: /usr/bin/mkdir -p
configure:3246: checking for gawk
configure:3281: result: no
configure:3246: checking for mawk
configure:3267: found /usr/bin/mawk
configure:3278: result: mawk
configure:3289: checking whether make sets $(MAKE)
configure:3312: result: yes
configure:3342: checking whether make supports nested variables
configure:3360: result: yes
configure:3508: checking whether make supports nested variables
configure:3526: result: yes
configure:3569: checking build system type
configure:3584: result: x86_64-pc-linux-gnu
configure:3604: checking host system type
configure:3618: result: x86_64-pc-linux-gnu
configure:3659: checking how to print strings
configure:3686: result: printf
configure:3720: checking whether make supports the include directive
configure:3735: make -f confmf.GNU && cat confinc.out
make[1]: Entering directory '/home/aaron/csci390/built/larasynth-0.2.5'
make[1]: Leaving directory '/home/aaron/csci390/built/larasynth-0.2.5'
this is the am__doit target
configure:3738: $? = 0
configure:3757: result: yes (GNU style)
configure:3833: checking for gcc
configure:3854: found /usr/bin/gcc
configure:3865: result: gcc
configure:4218: checking for C compiler version
configure:4227: gcc --version >&5
gcc (Ubuntu 11.4.0-1ubuntu1~22.04) 11.4.0
Copyright (C) 2021 Free Software Foundation, Inc.
This is free software; see the source for copying conditions.  There is NO
warranty; not even for MERCHANTABILITY or FITNESS FOR A PARTICULAR PURPOSE.

configure:4238: $? = 0
configure:4227: gcc -v >&5
Using built-in specs.
COLLECT_GCC=gcc
COLLECT_LTO_WRAPPER=/usr/lib/gcc/x86_64-linux-gnu/11/lto-wrapper
OFFLOAD_TARGET_NAMES=nvptx-none:amdgcn-amdhsa
OFFLOAD_TARGET_DEFAULT=1
Target: x86_64-linux-gnu
Configured with: ../src/configure -v --with-pkgversion='Ubuntu 11.4.0-1ubuntu1~22.04' --with-bugurl=file:///usr/share/doc/gcc-11/README.Bugs --enable-languages=c,ada,c++,go,brig,d,fortran,objc,obj-c++,m2 --prefix=/usr --with-gcc-major-version-only --program-suffix=-11 --program-prefix=x86_64-linux-gnu- --enable-shared --enable-linker-build-id --libexecdir=/usr/lib --without-included-gettext --enable-threads=posix --libdir=/usr/lib --enable-nls --enable-bootstrap --enable-clocale=gnu --enable-libstdcxx-debug --enable-libstdcxx-time=yes --with-default-libstdcxx-abi=new --enable-gnu-unique-object --disable-vtable-verify --enable-plugin --enable-default-pie --with-system-zlib --enable-libphobos-checking=release --with-target-system-zlib=auto --enable-objc-gc=auto --enable-multiarch --disable-werror --enable-cet --with-arch-32=i686 --with-abi=m64 --with-multilib-list=m32,m64,mx32 --enable-multilib --with-tune=generic --enable-offload-targets=nvptx-none=/build/gcc-11-XeT9lY/gcc-11-11.4.0/debian/tmp-nvptx/usr,amdgcn-amdhsa=/build/gcc-11-XeT9lY/gcc-11-11.4.0/debian/tmp-gcn/usr --without-cuda-driver --enable-checking=release --build=x86_64-linux-gnu --host=x86_64-linux-gnu --target=x86_64-linux-gnu --with-build-config=bootstrap-lto-lean --enable-link-serialization=2
Thread model: posix
Supported LTO compression algorithms: zlib zstd
gcc version 11.4.0 (Ubuntu 11.4.0-1ubuntu1~22.04) 
... rest of stderr output deleted ...
configure:4238: $? = 0
configure:4227: gcc -V >&5
gcc: error: unrecognized command-line option '-V'
gcc: fatal error: no input files
compilation terminated.
configure:4238: $? = 1
configure:4227: gcc -qversion >&5
gcc: error: unrecognized command-line option '-qversion'; did you mean '--version'?
gcc: fatal error: no input files
compilation terminated.
configure:4238: $? = 1
configure:4227: gcc -version >&5
gcc: error: unrecognized command-line option '-version'
gcc: fatal error: no input files
compilation terminated.
configure:4238: $? = 1
configure:4258: checking whether the C compiler works
configure:4280: gcc    conftest.c  >&5
configure:4284: $? = 0
configure:4334: result: yes
configure:4337: checking for C compiler default output file name
configure:4339: result: a.out
configure:4345: checking for suffix of executables
configure:4352: gcc -o conftest    conftest.c  >&5
configure:4356: $? = 0
configure:4379: result: 
configure:4401: checking whether we are cross compiling
configure:4409: gcc -o conftest    conftest.c  >&5
configure:4413: $? = 0
configure:4420: ./conftest
configure:4424: $? = 0
configure:4439: result: no
configure:4444: checking for suffix of object files
configure:4467: gcc -c   conftest.c >&5
configure:4471: $? = 0
configure:4493: result: o
configure:4497: checking whether the compiler supports GNU C
configure:4517: gcc -c   conftest.c >&5
configure:4517: $? = 0
configure:4527: result: yes
configure:4538: checking whether gcc accepts -g
configure:4559: gcc -c -g  conftest.c >&5
configure:4559: $? = 0
configure:4603: result: yes
configure:4623: checking for gcc option to enable C11 features
configure:4638: gcc  -c -g -O2  conftest.c >&5
configure:4638: $? = 0
configure:4656: result: none needed
configure:4772: checking whether gcc understands -c and -o together
configure:4795: gcc -c conftest.c -o conftest2.o
configure:4798: $? = 0
configure:4795: gcc -c conftest.c -o conftest2.o
configure:4798: $? = 0
configure:4810: result: yes
configure:4829: checking dependency style of gcc
configure:4941: result: gcc3
configure:4956: checking for a sed that does not truncate output
configure:5026: result: /usr/bin/sed
configure:5044: checking for grep that handles long lines and -e
configure:5108: result: /usr/bin/grep
configure:5113: checking for egrep
configure:5181: result: /usr/bin/grep -E
configure:5186: checking for fgrep
configure:5254: result: /usr/bin/grep -F
configure:5290: checking for ld used by gcc
configure:5358: result: /usr/bin/ld
configure:5365: checking if the linker (/usr/bin/ld) is GNU ld
configure:5381: result: yes
configure:5393: checking for BSD- or MS-compatible name lister (nm)
configure:5448: result: /usr/bin/nm -B
configure:5588: checking the name lister (/usr/bin/nm -B) interface
configure:5596: gcc -c -g -O2  conftest.c >&5
configure:5599: /usr/bin/nm -B "conftest.o"
configure:5602: output
0000000000000000 B some_variable
configure:5609: result: BSD nm
configure:5612: checking whether ln -s works
configure:5616: result: yes
configure:5624: checking the maximum length of command line arguments
configure:5756: result: 1572864
configure:5804: checking how to convert x86_64-pc-linux-gnu file names to x86_64-pc-linux-gnu format
configure:5845: result: func_convert_file_noop
configure:5852: checking how to convert x86_64-pc-linux-gnu file names to toolchain format
configure:5873: result: func_convert_file_noop
configure:5880: checking for /usr/bin/ld option to reload object files
configure:5888: result: -r
configure:5967: checking for objdump
configure:5988: found /usr/bin/objdump
configure:5999: result: objdump
configure:6031: checking how to recognize dependent libraries
configure:6232: result: pass_all
configure:6322: checking for dlltool
configure:6357: result: no
configure:6387: checking how to associate runtime and link libraries
configure:6415: result: printf %s\n
configure:6481: checking for ar
configure:6502: found /usr/bin/ar
configure:6513: result: ar
configure:6550: checking for archiver @FILE support
configure:6568: gcc -c -g -O2  conftest.c >&5
configure:6568: $? = 0
configure:6572: ar cr libconftest.a @conftest.lst >&5
configure:6575: $? = 0
configure:6580: ar cr libconftest.a @conftest.lst >&5
ar: conftest.o: No such file or directory
configure:6583: $? = 1
configure:6595: result: @
configure:6658: checking for strip
configure:6679: found /usr/bin/strip
configure:6690: result: strip
configure:6767: checking for ranlib
configure:6788: found /usr/bin/ranlib
configure:6799: result: ranlib
configure:6901: checking command to parse /usr/bin/nm -B output from gcc object
configure:7055: gcc -c -g -O2  conftest.c >&5
configure:7058: $? = 0
configure:7062: /usr/bin/nm -B conftest.o | sed -n -e 's/^.*[	 ]\([ABCDGIRSTW][ABCDGIRSTW]*\)[	 ][	 ]*\([_A-Za-z][_A-Za-z0-9]*\)$/\1 \2 \2/p' | sed '/ __gnu_lto/d' > conftest.nm
configure:7128: gcc -o conftest -g -O2   conftest.c conftstm.o >&5
configure:7131: $? = 0
configure:7169: result: ok
configure:7216: checking for sysroot
configure:7247: result: no
configure:7254: checking for a working dd
configure:7298: result: /usr/bin/dd
configure:7302: checking how to truncate binary pipes
configure:7318: result: /usr/bin/dd bs=4096 count=1
configure:7455: gcc -c -g -O2  conftest.c >&5
configure:7458: $? = 0
configure:7655: checking for mt
configure:7676: found /usr/bin/mt
configure:7687: result: mt
configure:7710: checking if mt is a manifest tool
configure:7717: mt '-?'
configure:7725: result: no
configure:8455: checking for stdio.h
configure:8455: gcc -c -g -O2  conftest.c >&5
configure:8455: $? = 0
configure:8455: result: yes
configure:8455: checking for stdlib.h
configure:8455: gcc -c -g -O2  conftest.c >&5
configure:8455: $? = 0
configure:8455: result: yes
configure:8455: checking for string.h
configure:8455: gcc -c -g -O2  conftest.c >&5
configure:8455: $? = 0
configure:8455: result: yes
configure:8455: checking for inttypes.h
configure:8455: gcc -c -g -O2  conftest.c >&5
configure:8455: $? = 0
configure:8455: result: yes
configure:8455: checking for stdint.h
configure:8455: gcc -c -g -O2  conftest.c >&5
configure:8455: $? = 0
configure:8455: result: yes
configure:8455: checking for strings.h
configure:8455: gcc -c -g -O2  conftest.c >&5
configure:8455: $? = 0
configure:8455: result: yes
configure:8455: checking for sys/stat.h
configure:8455: gcc -c -g -O2  conftest.c >&5
configure:8455: $? = 0
configure:8455: result: yes
configure:8455: checking for sys/types.h
configure:8455: gcc -c -g -O2  conftest.c >&5
configure:8455: $? = 0
configure:8455: result: yes
configure:8455: checking for unistd.h
configure:8455: gcc -c -g -O2  conftest.c >&5
configure:8455: $? = 0
configure:8455: result: yes
configure:8480: checking for dlfcn.h
configure:8480: gcc -c -g -O2  conftest.c >&5
configure:8480: $? = 0
configure:8480: result: yes
configure:8739: checking for objdir
configure:8755: result: .libs
configure:9019: checking if gcc supports -fno-rtti -fno-exceptions
configure:9038: gcc -c -g -O2  -fno-rtti -fno-exceptions conftest.c >&5
cc1: warning: command-line option '-fno-rtti' is valid for C++/D/ObjC++ but not for C
configure:9042: $? = 0
configure:9055: result: no
configure:9419: checking for gcc option to produce PIC
configure:9427: result: -fPIC -DPIC
configure:9435: checking if gcc PIC flag -fPIC -DPIC works
configure:9454: gcc -c -g -O2  -fPIC -DPIC -DPIC conftest.c >&5
configure:9458: $? = 0
configure:9471: result: yes
configure:9500: checking if gcc static flag -static works
configure:9529: result: yes
configure:9544: checking if gcc supports -c -o file.o
configure:9566: gcc -c -g -O2  -o out/conftest2.o conftest.c >&5
configure:9570: $? = 0
configure:9592: result: yes
configure:9600: checking if gcc supports -c -o file.o
configure:9648: result: yes
configure:9681: checking whether the gcc linker (/usr/bin/ld -m elf_x86_64) supports shared libraries
configure:10951: result: yes
configure:10988: checking whether -lc should be explicitly linked in
configure:10997: gcc -c -g -O2  conftest.c >&5
configure:11000: $? = 0
configure:11015: gcc -shared  -fPIC -DPIC conftest.o  -v -Wl,-soname -Wl,conftest -o conftest 2\>\&1 \| /usr/bin/grep  -lc  \>/dev/null 2\>\&1
configure:11018: $? = 0
configure:11032: result: no
configure:11192: checking dynamic linker characteristics
configure:11774: gcc -o conftest -g -O2   -Wl,-rpath -Wl,/foo conftest.c  >&5
configure:11774: $? = 0
configure:12025: result: GNU/Linux ld.so
configure:12147: checking how to hardcode library paths into programs
configure:12172: result: immediate
configure:12724: checking whether stripping libraries is possible
configure:12729: result: yes
configure:12764: checking if libtool supports shared libraries
configure:12766: result: yes
configure:12769: checking whether to build shared libraries
configure:12794: result: yes
configure:12797: checking whether to build static libraries
configure:12801: result: yes
configure:12893: checking for gcc
configure:12925: result: gcc
configure:13278: checking for C compiler version
configure:13287: gcc --version >&5
gcc (Ubuntu 11.4.0-1ubuntu1~22.04) 11.4.0
Copyright (C) 2021 Free Software Foundation, Inc.
This is free software; see the source for copying conditions.  There is NO
warranty; not even for MERCHANTABILITY or FITNESS FOR A PARTICULAR PURPOSE.

configure:13298: $? = 0
configure:13287: gcc -v >&5
Using built-in specs.
COLLECT_GCC=gcc
COLLECT_LTO_WRAPPER=/usr/lib/gcc/x86_64-linux-gnu/11/lto-wrapper
OFFLOAD_TARGET_NAMES=nvptx-none:amdgcn-amdhsa
OFFLOAD_TARGET_DEFAULT=1
Target: x86_64-linux-gnu
Configured with: ../src/configure -v --with-pkgversion='Ubuntu 11.4.0-1ubuntu1~22.04' --with-bugurl=file:///usr/share/doc/gcc-11/README.Bugs --enable-languages=c,ada,c++,go,brig,d,fortran,objc,obj-c++,m2 --prefix=/usr --with-gcc-major-version-only --program-suffix=-11 --program-prefix=x86_64-linux-gnu- --enable-shared --enable-linker-build-id --libexecdir=/usr/lib --without-included-gettext --enable-threads=posix --libdir=/usr/lib --enable-nls --enable-bootstrap --enable-clocale=gnu --enable-libstdcxx-debug --enable-libstdcxx-time=yes --with-default-libstdcxx-abi=new --enable-gnu-unique-object --disable-vtable-verify --enable-plugin --enable-default-pie --with-system-zlib --enable-libphobos-checking=release --with-target-system-zlib=auto --enable-objc-gc=auto --enable-multiarch --disable-werror --enable-cet --with-arch-32=i686 --with-abi=m64 --with-multilib-list=m32,m64,mx32 --enable-multilib --with-tune=generic --enable-offload-targets=nvptx-none=/build/gcc-11-XeT9lY/gcc-11-11.4.0/debian/tmp-nvptx/usr,amdgcn-amdhsa=/build/gcc-11-XeT9lY/gcc-11-11.4.0/debian/tmp-gcn/usr --without-cuda-driver --enable-checking=release --build=x86_64-linux-gnu --host=x86_64-linux-gnu --target=x86_64-linux-gnu --with-build-config=bootstrap-lto-lean --enable-link-serialization=2
Thread model: posix
Supported LTO compression algorithms: zlib zstd
gcc version 11.4.0 (Ubuntu 11.4.0-1ubuntu1~22.04) 
... rest of stderr output deleted ...
configure:13298: $? = 0
configure:13287: gcc -V >&5
gcc: error: unrecognized command-line option '-V'
gcc: fatal error: no input files
compilation terminated.
configure:13298: $? = 1
configure:13287: gcc -qversion >&5
gcc: error: unrecognized command-line option '-qversion'; did you mean '--version'?
gcc: fatal error: no input files
compilation terminated.
configure:13298: $? = 1
configure:13287: gcc -version >&5
gcc: error: unrecognized command-line option '-version'
gcc: fatal error: no input files
compilation terminated.
configure:13298: $? = 1
configure:13302: checking whether the compiler supports GNU C
configure:13332: result: yes
configure:13343: checking whether gcc accepts -g
configure:13408: result: yes
configure:13428: checking for gcc option to enable C11 features
configure:13461: result: none needed
configure:13577: checking whether gcc understands -c and -o together
configure:13615: result: yes
configure:13634: checking dependency style of gcc
configure:13746: result: gcc3
configure:13830: checking for g++
configure:13851: found /usr/bin/g++
configure:13862: result: g++
configure:13889: checking for C++ compiler version
configure:13898: g++ --version >&5
g++ (Ubuntu 11.4.0-1ubuntu1~22.04) 11.4.0
Copyright (C) 2021 Free Software Foundation, Inc.
This is free software; see the source for copying conditions.  There is NO
warranty; not even for MERCHANTABILITY or FITNESS FOR A PARTICULAR PURPOSE.

configure:13909: $? = 0
configure:13898: g++ -v >&5
Using built-in specs.
COLLECT_GCC=g++
COLLECT_LTO_WRAPPER=/usr/lib/gcc/x86_64-linux-gnu/11/lto-wrapper
OFFLOAD_TARGET_NAMES=nvptx-none:amdgcn-amdhsa
OFFLOAD_TARGET_DEFAULT=1
Target: x86_64-linux-gnu
Configured with: ../src/configure -v --with-pkgversion='Ubuntu 11.4.0-1ubuntu1~22.04' --with-bugurl=file:///usr/share/doc/gcc-11/README.Bugs --enable-languages=c,ada,c++,go,brig,d,fortran,objc,obj-c++,m2 --prefix=/usr --with-gcc-major-version-only --program-suffix=-11 --program-prefix=x86_64-linux-gnu- --enable-shared --enable-linker-build-id --libexecdir=/usr/lib --without-included-gettext --enable-threads=posix --libdir=/usr/lib --enable-nls --enable-bootstrap --enable-clocale=gnu --enable-libstdcxx-debug --enable-libstdcxx-time=yes --with-default-libstdcxx-abi=new --enable-gnu-unique-object --disable-vtable-verify --enable-plugin --enable-default-pie --with-system-zlib --enable-libphobos-checking=release --with-target-system-zlib=auto --enable-objc-gc=auto --enable-multiarch --disable-werror --enable-cet --with-arch-32=i686 --with-abi=m64 --with-multilib-list=m32,m64,mx32 --enable-multilib --with-tune=generic --enable-offload-targets=nvptx-none=/build/gcc-11-XeT9lY/gcc-11-11.4.0/debian/tmp-nvptx/usr,amdgcn-amdhsa=/build/gcc-11-XeT9lY/gcc-11-11.4.0/debian/tmp-gcn/usr --without-cuda-driver --enable-checking=release --build=x86_64-linux-gnu --host=x86_64-linux-gnu --target=x86_64-linux-gnu --with-build-config=bootstrap-lto-lean --enable-link-serialization=2
Thread model: posix
Supported LTO compression algorithms: zlib zstd
gcc version 11.4.0 (Ubuntu 11.4.0-1ubuntu1~22.04) 
... rest of stderr output deleted ...
configure:13909: $? = 0
configure:13898: g++ -V >&5
g++: error: unrecognized command-line option '-V'
g++: fatal error: no input files
compilation terminated.
configure:13909: $? = 1
configure:13898: g++ -qversion >&5
g++: error: unrecognized command-line option '-qversion'; did you mean '--version'?
g++: fatal error: no input files
compilation terminated.
configure:13909: $? = 1
configure:13913: checking whether the compiler supports GNU C++
configure:13933: g++ -c   conftest.cpp >&5
configure:13933: $? = 0
configure:13943: result: yes
configure:13954: checking whether g++ accepts -g
configure:13975: g++ -c -g  conftest.cpp >&5
configure:13975: $? = 0
configure:14019: result: yes
configure:14039: checking for g++ option to enable C++11 features
configure:14054: g++  -c -g -O2  conftest.cpp >&5
conftest.cpp: In function 'int main(int, char**)':
conftest.cpp:189:25: warning: empty parentheses were disambiguated as a function declaration [-Wvexing-parse]
  189 |   cxx11test::delegate d2();
      |                         ^~
conftest.cpp:189:25: note: remove parentheses to default-initialize a variable
  189 |   cxx11test::delegate d2();
      |                         ^~
      |                         --
conftest.cpp:189:25: note: or replace parentheses with braces to value-initialize a variable
configure:14054: $? = 0
configure:14072: result: none needed
configure:14138: checking dependency style of g++
configure:14250: result: gcc3
configure:14283: checking how to run the C++ preprocessor
configure:14305: g++ -E  conftest.cpp
configure:14305: $? = 0
configure:14320: g++ -E  conftest.cpp
conftest.cpp:23:10: fatal error: ac_nonexistent.h: No such file or directory
   23 | #include <ac_nonexistent.h>
      |          ^~~~~~~~~~~~~~~~~~
compilation terminated.
configure:14320: $? = 1
configure: failed program was:
| /* confdefs.h */
| #define PACKAGE_NAME "larasynth"
| #define PACKAGE_TARNAME "larasynth"
| #define PACKAGE_VERSION "0.2.5"
| #define PACKAGE_STRING "larasynth 0.2.5"
| #define PACKAGE_BUGREPORT "nsommer@wooster.edu"
| #define PACKAGE_URL ""
| #define PACKAGE "larasynth"
| #define VERSION "0.2.5"
| #define HAVE_STDIO_H 1
| #define HAVE_STDLIB_H 1
| #define HAVE_STRING_H 1
| #define HAVE_INTTYPES_H 1
| #define HAVE_STDINT_H 1
| #define HAVE_STRINGS_H 1
| #define HAVE_SYS_STAT_H 1
| #define HAVE_SYS_TYPES_H 1
| #define HAVE_UNISTD_H 1
| #define STDC_HEADERS 1
| #define HAVE_DLFCN_H 1
| #define LT_OBJDIR ".libs/"
| /* end confdefs.h.  */
| #include <ac_nonexistent.h>
configure:14347: result: g++ -E
configure:14361: g++ -E  conftest.cpp
configure:14361: $? = 0
configure:14376: g++ -E  conftest.cpp
conftest.cpp:23:10: fatal error: ac_nonexistent.h: No such file or directory
   23 | #include <ac_nonexistent.h>
      |          ^~~~~~~~~~~~~~~~~~
compilation terminated.
configure:14376: $? = 1
configure: failed program was:
| /* confdefs.h */
| #define PACKAGE_NAME "larasynth"
| #define PACKAGE_TARNAME "larasynth"
| #define PACKAGE_VERSION "0.2.5"
| #define PACKAGE_STRING "larasynth 0.2.5"
| #define PACKAGE_BUGREPORT "nsommer@wooster.edu"
| #define PACKAGE_URL ""
| #define PACKAGE "larasynth"
| #define VERSION "0.2.5"
| #define HAVE_STDIO_H 1
| #define HAVE_STDLIB_H 1
| #define HAVE_STRING_H 1
| #define HAVE_INTTYPES_H 1
| #define HAVE_STDINT_H 1
| #define HAVE_STRINGS_H 1
| #define HAVE_SYS_STAT_H 1
| #define HAVE_SYS_TYPES_H 1
| #define HAVE_UNISTD_H 1
| #define STDC_HEADERS 1
| #define HAVE_DLFCN_H 1
| #define LT_OBJDIR ".libs/"
| /* end confdefs.h.  */
| #include <ac_nonexistent.h>
configure:14541: checking for ld used by g++
configure:14609: result: /usr/bin/ld -m elf_x86_64
configure:14616: checking if the linker (/usr/bin/ld -m elf_x86_64) is GNU ld
configure:14632: result: yes
configure:14687: checking whether the g++ linker (/usr/bin/ld -m elf_x86_64) supports shared libraries
configure:15764: result: yes
configure:15800: g++ -c -g -O2  conftest.cpp >&5
configure:15803: $? = 0
configure:16284: checking for g++ option to produce PIC
configure:16292: result: -fPIC -DPIC
configure:16300: checking if g++ PIC flag -fPIC -DPIC works
configure:16319: g++ -c -g -O2  -fPIC -DPIC -DPIC conftest.cpp >&5
configure:16323: $? = 0
configure:16336: result: yes
configure:16359: checking if g++ static flag -static works
configure:16388: result: yes
configure:16400: checking if g++ supports -c -o file.o
configure:16422: g++ -c -g -O2  -o out/conftest2.o conftest.cpp >&5
configure:16426: $? = 0
configure:16448: result: yes
configure:16453: checking if g++ supports -c -o file.o
configure:16501: result: yes
configure:16531: checking whether the g++ linker (/usr/bin/ld -m elf_x86_64) supports shared libraries
configure:16574: result: yes
configure:16716: checking dynamic linker characteristics
configure:17476: result: GNU/Linux ld.so
configure:17541: checking how to hardcode library paths into programs
configure:17566: result: immediate
configure:17621: checking whether g++ supports C++11 features by default
configure:17646: g++ -c -g -O2  conftest.cpp >&5
configure:17646: $? = 0
configure:17654: result: yes
configure:17729: checking whether to enable the GCC warnings
configure:17744: result: no
configure:17775: checking for MIDI API
configure:17780: result: using JACK
configure:17782: checking for jack_client_open in -ljack
configure:17805: gcc -o conftest -g -O2   conftest.c -ljack   >&5
configure:17805: $? = 0
configure:17815: result: yes
configure:17827: checking for pthread_create in -lpthread
configure:17850: gcc -o conftest -g -O2   conftest.c -lpthread  -ljack  >&5
configure:17850: $? = 0
configure:17860: result: yes
configure:18061: checking for the pthreads library -lpthreads
configure:18094: gcc -o conftest -g -O2    -D__UNIX_JACK__  conftest.c -lpthreads -lpthread -ljack  >&5
conftest.c: In function 'main':
conftest.c:30:22: warning: argument 1 null where non-null expected [-Wnonnull]
   30 |                      pthread_attr_init(0); pthread_cleanup_push(0, 0);
      |                      ^~~~~~~~~~~~~~~~~
In file included from conftest.c:25:
/usr/include/pthread.h:285:12: note: in a call to function 'pthread_attr_init' declared 'nonnull'
  285 | extern int pthread_attr_init (pthread_attr_t *__attr) __THROW __nonnull ((1));
      |            ^~~~~~~~~~~~~~~~~
conftest.c:31:22: warning: argument 1 null where non-null expected [-Wnonnull]
   31 |                      pthread_create(0,0,0,0); pthread_cleanup_pop(0);
      |                      ^~~~~~~~~~~~~~
In file included from conftest.c:25:
/usr/include/pthread.h:202:12: note: in a call to function 'pthread_create' declared 'nonnull'
  202 | extern int pthread_create (pthread_t *__restrict __newthread,
      |            ^~~~~~~~~~~~~~
conftest.c:31:22: warning: argument 3 null where non-null expected [-Wnonnull]
   31 |                      pthread_create(0,0,0,0); pthread_cleanup_pop(0);
      |                      ^~~~~~~~~~~~~~
In file included from conftest.c:25:
/usr/include/pthread.h:202:12: note: in a call to function 'pthread_create' declared 'nonnull'
  202 | extern int pthread_create (pthread_t *__restrict __newthread,
      |            ^~~~~~~~~~~~~~
/usr/bin/ld: cannot find -lpthreads: No such file or directory
collect2: error: ld returned 1 exit status
configure:18094: $? = 1
configure: failed program was:
| /* confdefs.h */
| #define PACKAGE_NAME "larasynth"
| #define PACKAGE_TARNAME "larasynth"
| #define PACKAGE_VERSION "0.2.5"
| #define PACKAGE_STRING "larasynth 0.2.5"
| #define PACKAGE_BUGREPORT "nsommer@wooster.edu"
| #define PACKAGE_URL ""
| #define PACKAGE "larasynth"
| #define VERSION "0.2.5"
| #define HAVE_STDIO_H 1
| #define HAVE_STDLIB_H 1
| #define HAVE_STRING_H 1
| #define HAVE_INTTYPES_H 1
| #define HAVE_STDINT_H 1
| #define HAVE_STRINGS_H 1
| #define HAVE_SYS_STAT_H 1
| #define HAVE_SYS_TYPES_H 1
| #define HAVE_UNISTD_H 1
| #define STDC_HEADERS 1
| #define HAVE_DLFCN_H 1
| #define LT_OBJDIR ".libs/"
| #define HAVE_LIBJACK 1
| #define HAVE_LIBPTHREAD 1
| /* end confdefs.h.  */
| #include <pthread.h>
| int
| main (void)
| {
| pthread_t th; pthread_join(th, 0);
|                      pthread_attr_init(0); pthread_cleanup_push(0, 0);
|                      pthread_create(0,0,0,0); pthread_cleanup_pop(0);
|   ;
|   return 0;
| }
configure:18104: result: no
configure:18001: checking whether pthreads work without any flags
configure:18094: gcc -o conftest -g -O2    -D__UNIX_JACK__  conftest.c  -lpthread -ljack  >&5
conftest.c: In function 'main':
conftest.c:30:22: warning: argument 1 null where non-null expected [-Wnonnull]
   30 |                      pthread_attr_init(0); pthread_cleanup_push(0, 0);
      |                      ^~~~~~~~~~~~~~~~~
In file included from conftest.c:25:
/usr/include/pthread.h:285:12: note: in a call to function 'pthread_attr_init' declared 'nonnull'
  285 | extern int pthread_attr_init (pthread_attr_t *__attr) __THROW __nonnull ((1));
      |            ^~~~~~~~~~~~~~~~~
conftest.c:31:22: warning: argument 1 null where non-null expected [-Wnonnull]
   31 |                      pthread_create(0,0,0,0); pthread_cleanup_pop(0);
      |                      ^~~~~~~~~~~~~~
In file included from conftest.c:25:
/usr/include/pthread.h:202:12: note: in a call to function 'pthread_create' declared 'nonnull'
  202 | extern int pthread_create (pthread_t *__restrict __newthread,
      |            ^~~~~~~~~~~~~~
conftest.c:31:22: warning: argument 3 null where non-null expected [-Wnonnull]
   31 |                      pthread_create(0,0,0,0); pthread_cleanup_pop(0);
      |                      ^~~~~~~~~~~~~~
In file included from conftest.c:25:
/usr/include/pthread.h:202:12: note: in a call to function 'pthread_create' declared 'nonnull'
  202 | extern int pthread_create (pthread_t *__restrict __newthread,
      |            ^~~~~~~~~~~~~~
configure:18094: $? = 0
configure:18104: result: yes
configure:18123: checking for joinable pthread attribute
configure:18138: gcc -o conftest -g -O2    -D__UNIX_JACK__  conftest.c  -lpthread -ljack  >&5
configure:18138: $? = 0
configure:18145: result: PTHREAD_CREATE_JOINABLE
configure:18153: checking if more special flags are required for pthreads
configure:18160: result: no
configure:18254: checking whether to check for GCC pthread/shared inconsistencies
configure:18267: gcc -o conftest -shared -fPIC -Wl,-z,defs -g -O2    -D__UNIX_JACK__  conftest.c  -lpthread -ljack  >&5
configure:18267: $? = 0
configure:18280: result: yes
configure:18286: checking whether -pthread is sufficient with -shared
configure:18301: gcc -o conftest -shared -fPIC -Wl,-z,defs -g -O2    -D__UNIX_JACK__  conftest.c  -lpthread -ljack  >&5
conftest.c: In function 'main':
conftest.c:30:15: warning: argument 1 null where non-null expected [-Wnonnull]
   30 |               pthread_attr_init(0); pthread_cleanup_push(0, 0);
      |               ^~~~~~~~~~~~~~~~~
In file included from conftest.c:25:
/usr/include/pthread.h:285:12: note: in a call to function 'pthread_attr_init' declared 'nonnull'
  285 | extern int pthread_attr_init (pthread_attr_t *__attr) __THROW __nonnull ((1));
      |            ^~~~~~~~~~~~~~~~~
conftest.c:31:15: warning: argument 1 null where non-null expected [-Wnonnull]
   31 |               pthread_create(0,0,0,0); pthread_cleanup_pop(0);
      |               ^~~~~~~~~~~~~~
In file included from conftest.c:25:
/usr/include/pthread.h:202:12: note: in a call to function 'pthread_create' declared 'nonnull'
  202 | extern int pthread_create (pthread_t *__restrict __newthread,
      |            ^~~~~~~~~~~~~~
conftest.c:31:15: warning: argument 3 null where non-null expected [-Wnonnull]
   31 |               pthread_create(0,0,0,0); pthread_cleanup_pop(0);
      |               ^~~~~~~~~~~~~~
In file included from conftest.c:25:
/usr/include/pthread.h:202:12: note: in a call to function 'pthread_create' declared 'nonnull'
  202 | extern int pthread_create (pthread_t *__restrict __newthread,
      |            ^~~~~~~~~~~~~~
configure:18301: $? = 0
configure:18309: result: yes
configure:18556: checking that generated files are newer than configure
configure:18562: result: done
configure:18593: creating ./config.status
configure:21004: result:
Larasynth 0.2.5 is now configured

Configure Information:
  C Compiler        : gcc
    DEFS            :   -DHAVE_CONFIG_H
    CPPFLAGS        :     -D__UNIX_JACK__
    CFLAGS          :   -g -O2

  C++ Compiler      : g++
    DEFS            :   -DHAVE_CONFIG_H
    CPPFLAGS        :     -D__UNIX_JACK__
    CXXFLAGS        :   -g -O2

  Linker            : /usr/bin/ld -m elf_x86_64
    LDFLAGS         :   
    LIBS            :   -lpthread -ljack 

  Google Test
    GTEST_CPPFLAGS  : -DGTEST_HAS_PTHREAD=1
    GTEST_CXXFLAGS  : 
    GTEST_LDFLAGS   : 
    GTEST_LIBS      : 


## ---------------- ##
## Cache variables. ##
## ---------------- ##

ac_cv_build=x86_64-pc-linux-gnu
ac_cv_c_compiler_gnu=yes
ac_cv_cxx_compiler_gnu=yes
ac_cv_env_CCC_set=
ac_cv_env_CCC_value=
ac_cv_env_CC_set=
ac_cv_env_CC_value=
ac_cv_env_CFLAGS_set=
ac_cv_env_CFLAGS_value=
ac_cv_env_CPPFLAGS_set=
ac_cv_env_CPPFLAGS_value=
ac_cv_env_CXXCPP_set=
ac_cv_env_CXXCPP_value=
ac_cv_env_CXXFLAGS_set=
ac_cv_env_CXXFLAGS_value=
ac_cv_env_CXX_set=
ac_cv_env_CXX_value=
ac_cv_env_LDFLAGS_set=
ac_cv_env_LDFLAGS_value=
ac_cv_env_LIBS_set=
ac_cv_env_LIBS_value=
ac_cv_env_LT_SYS_LIBRARY_PATH_set=
ac_cv_env_LT_SYS_LIBRARY_PATH_value=
ac_cv_env_build_alias_set=
ac_cv_env_build_alias_value=
ac_cv_env_host_alias_set=
ac_cv_env_host_alias_value=
ac_cv_env_target_alias_set=
ac_cv_env_target_alias_value=
ac_cv_header_dlfcn_h=yes
ac_cv_header_inttypes_h=yes
ac_cv_header_stdint_h=yes
ac_cv_header_stdio_h=yes
ac_cv_header_stdlib_h=yes
ac_cv_header_string_h=yes
ac_cv_header_strings_h=yes
ac_cv_header_sys_stat_h=yes
ac_cv_header_sys_types_h=yes
ac_cv_header_unistd_h=yes
ac_cv_host=x86_64-pc-linux-gnu
ac_cv_lib_jack_jack_client_open=yes
ac_cv_lib_pthread_pthread_create=yes
ac_cv_objext=o
ac_cv_path_EGREP='/usr/bin/grep -E'
ac_cv_path_FGREP='/usr/bin/grep -F'
ac_cv_path_GREP=/usr/bin/grep
ac_cv_path_SED=/usr/bin/sed
ac_cv_path_install='/usr/bin/install -c'
ac_cv_path_lt_DD=/usr/bin/dd
ac_cv_path_mkdir=/usr/bin/mkdir
ac_cv_prog_AWK=mawk
ac_cv_prog_CXXCPP='g++ -E'
ac_cv_prog_ac_ct_AR=ar
ac_cv_prog_ac_ct_CC=gcc
ac_cv_prog_ac_ct_CXX=g++
ac_cv_prog_ac_ct_MANIFEST_TOOL=mt
ac_cv_prog_ac_ct_OBJDUMP=objdump
ac_cv_prog_ac_ct_RANLIB=ranlib
ac_cv_prog_ac_ct_STRIP=strip
ac_cv_prog_cc_c11=
ac_cv_prog_cc_g=yes
ac_cv_prog_cc_stdc=
ac_cv_prog_cxx_11=no
ac_cv_prog_cxx_cxx11=
ac_cv_prog_cxx_g=yes
ac_cv_prog_cxx_stdcxx=
ac_cv_prog_make_make_set=yes
am_cv_CC_dependencies_compiler_type=gcc3
am_cv_CXX_dependencies_compiler_type=gcc3
am_cv_make_support_nested_variables=yes
am_cv_prog_cc_c_o=yes
ax_cv_cxx_compile_cxx11=yes
lt_cv_ar_at_file=@
lt_cv_archive_cmds_need_lc=no
lt_cv_deplibs_check_method=pass_all
lt_cv_file_magic_cmd='$MAGIC_CMD'
lt_cv_file_magic_test_file=
lt_cv_ld_reload_flag=-r
lt_cv_nm_interface='BSD nm'
lt_cv_objdir=.libs
lt_cv_path_LD=/usr/bin/ld
lt_cv_path_LDCXX='/usr/bin/ld -m elf_x86_64'
lt_cv_path_NM='/usr/bin/nm -B'
lt_cv_path_mainfest_tool=no
lt_cv_prog_compiler_c_o=yes
lt_cv_prog_compiler_c_o_CXX=yes
lt_cv_prog_compiler_pic='-fPIC -DPIC'
lt_cv_prog_compiler_pic_CXX='-fPIC -DPIC'
lt_cv_prog_compiler_pic_works=yes
lt_cv_prog_compiler_pic_works_CXX=yes
lt_cv_prog_compiler_rtti_exceptions=no
lt_cv_prog_compiler_static_works=yes
lt_cv_prog_compiler_static_works_CXX=yes
lt_cv_prog_gnu_ld=yes
lt_cv_prog_gnu_ldcxx=yes
lt_cv_sharedlib_from_linklib_cmd='printf %s\n'
lt_cv_shlibpath_overrides_runpath=yes
lt_cv_sys_global_symbol_pipe='sed -n -e '\''s/^.*[	 ]\([ABCDGIRSTW][ABCDGIRSTW]*\)[	 ][	 ]*\([_A-Za-z][_A-Za-z0-9]*\)$/\1 \2 \2/p'\'' | sed '\''/ __gnu_lto/d'\'''
lt_cv_sys_global_symbol_to_c_name_address='sed -n -e '\''s/^: \(.*\) .*$/  {"\1", (void *) 0},/p'\'' -e '\''s/^[ABCDGIRSTW][ABCDGIRSTW]* .* \(.*\)$/  {"\1", (void *) \&\1},/p'\'''
lt_cv_sys_global_symbol_to_c_name_address_lib_prefix='sed -n -e '\''s/^: \(.*\) .*$/  {"\1", (void *) 0},/p'\'' -e '\''s/^[ABCDGIRSTW][ABCDGIRSTW]* .* \(lib.*\)$/  {"\1", (void *) \&\1},/p'\'' -e '\''s/^[ABCDGIRSTW][ABCDGIRSTW]* .* \(.*\)$/  {"lib\1", (void *) \&\1},/p'\'''
lt_cv_sys_global_symbol_to_cdecl='sed -n -e '\''s/^T .* \(.*\)$/extern int \1();/p'\'' -e '\''s/^[ABCDGIRSTW][ABCDGIRSTW]* .* \(.*\)$/extern char \1;/p'\'''
lt_cv_sys_global_symbol_to_import=
lt_cv_sys_max_cmd_len=1572864
lt_cv_to_host_file_cmd=func_convert_file_noop
lt_cv_to_tool_file_cmd=func_convert_file_noop
lt_cv_truncate_bin='/usr/bin/dd bs=4096 count=1'

## ----------------- ##
## Output variables. ##
## ----------------- ##

ACLOCAL='${SHELL} '\''/home/aaron/csci390/built/larasynth-0.2.5/build-aux/missing'\'' aclocal-1.16'
AMDEPBACKSLASH='\'
AMDEP_FALSE='#'
AMDEP_TRUE=''
AMTAR='$${TAR-tar}'
AM_BACKSLASH='\'
AM_DEFAULT_V='$(AM_DEFAULT_VERBOSITY)'
AM_DEFAULT_VERBOSITY='0'
AM_V='$(V)'
AR='ar'
AUTOCONF='${SHELL} '\''/home/aaron/csci390/built/larasynth-0.2.5/build-aux/missing'\'' autoconf'
AUTOHEADER='${SHELL} '\''/home/aaron/csci390/built/larasynth-0.2.5/build-aux/missing'\'' autoheader'
AUTOMAKE='${SHELL} '\''/home/aaron/csci390/built/larasynth-0.2.5/build-aux/missing'\'' automake-1.16'
AWK='mawk'
CC='gcc'
CCDEPMODE='depmode=gcc3'
CFLAGS='-g -O2'
CPPFLAGS='  -D__UNIX_JACK__'
CSCOPE='cscope'
CTAGS='ctags'
CXX='g++'
CXXCPP='g++ -E'
CXXDEPMODE='depmode=gcc3'
CXXFLAGS='-g -O2'
CYGPATH_W='echo'
DEFS='-DHAVE_CONFIG_H'
DEPDIR='.deps'
DLLTOOL='false'
DSYMUTIL=''
DUMPBIN=''
ECHO_C=''
ECHO_N='-n'
ECHO_T=''
EGREP='/usr/bin/grep -E'
ETAGS='etags'
EXEEXT=''
FGREP='/usr/bin/grep -F'
GREP='/usr/bin/grep'
GTEST_CPPFLAGS='-DGTEST_HAS_PTHREAD=1'
GTEST_CXXFLAGS=''
GTEST_LDFLAGS=''
GTEST_LIBS=''
GTEST_VERSION='1.7.0'
INSTALL_DATA='${INSTALL} -m 644'
INSTALL_PROGRAM='${INSTALL}'
INSTALL_SCRIPT='${INSTALL}'
INSTALL_STRIP_PROGRAM='$(install_sh) -c -s'
LD='/usr/bin/ld -m elf_x86_64'
LDFLAGS=''
LIBOBJS=''
LIBS='-lpthread -ljack '
LIBTOOL='$(SHELL) $(top_builddir)/libtool'
LIPO=''
LN_S='ln -s'
LTLIBOBJS=''
LT_SYS_LIBRARY_PATH=''
MAKEINFO='${SHELL} '\''/home/aaron/csci390/built/larasynth-0.2.5/build-aux/missing'\'' makeinfo'
MANIFEST_TOOL=':'
MKDIR_P='/usr/bin/mkdir -p'
NM='/usr/bin/nm -B'
NMEDIT=''
OBJDUMP='objdump'
OBJEXT='o'
OTOOL64=''
OTOOL=''
PACKAGE='larasynth'
PACKAGE_BUGREPORT='nsommer@wooster.edu'
PACKAGE_NAME='larasynth'
PACKAGE_STRING='larasynth 0.2.5'
PACKAGE_TARNAME='larasynth'
PACKAGE_URL=''
PACKAGE_VERSION='0.2.5'
PATH_SEPARATOR=':'
PTHREAD_CC='gcc'
PTHREAD_CFLAGS=''
PTHREAD_LIBS=''
RANLIB='ranlib'
SED='/usr/bin/sed'
SET_MAKE=''
SHELL='/bin/bash'
STRIP='strip'
VERSION='0.2.5'
WARN_CXXFLAGS=''
ac_ct_AR='ar'
ac_ct_CC='gcc'
ac_ct_CXX='g++'
ac_ct_DUMPBIN=''
acx_pthread_config=''
am__EXEEXT_FALSE=''
am__EXEEXT_TRUE='#'
am__fastdepCC_FALSE='#'
am__fastdepCC_TRUE=''
am__fastdepCXX_FALSE='#'
am__fastdepCXX_TRUE=''
am__include='include'
am__isrc=''
am__leading_dot='.'
am__nodep='_no'
am__quote=''
am__tar='$${TAR-tar} chof - "$$tardir"'
am__untar='$${TAR-tar} xf -'
bindir='${exec_prefix}/bin'
build='x86_64-pc-linux-gnu'
build_alias=''
build_cpu='x86_64'
build_os='linux-gnu'
build_vendor='pc'
datadir='${datarootdir}'
datarootdir='${prefix}/share'
docdir='${datarootdir}/doc/${PACKAGE_TARNAME}'
dvidir='${docdir}'
exec_prefix='${prefix}'
host='x86_64-pc-linux-gnu'
host_alias=''
host_cpu='x86_64'
host_os='linux-gnu'
host_vendor='pc'
htmldir='${docdir}'
includedir='${prefix}/include'
infodir='${datarootdir}/info'
install_sh='${SHELL} /home/aaron/csci390/built/larasynth-0.2.5/build-aux/install-sh'
libdir='${exec_prefix}/lib'
libexecdir='${exec_prefix}/libexec'
localedir='${datarootdir}/locale'
localstatedir='${prefix}/var'
mandir='${datarootdir}/man'
mkdir_p='$(MKDIR_P)'
oldincludedir='/usr/include'
pdfdir='${docdir}'
prefix='/usr/local'
program_transform_name='s,x,x,'
psdir='${docdir}'
rtmidi_api=' -D__UNIX_JACK__'
runstatedir='${localstatedir}/run'
sbindir='${exec_prefix}/sbin'
sharedstatedir='${prefix}/com'
sysconfdir='${prefix}/etc'
target_alias=''

## ----------- ##
## confdefs.h. ##
## ----------- ##

/* confdefs.h */
#define PACKAGE_NAME "larasynth"
#define PACKAGE_TARNAME "larasynth"
#define PACKAGE_VERSION "0.2.5"
#define PACKAGE_STRING "larasynth 0.2.5"
#define PACKAGE_BUGREPORT "nsommer@wooster.edu"
#define PACKAGE_URL ""
#define PACKAGE "larasynth"
#define VERSION "0.2.5"
#define HAVE_STDIO_H 1
#define HAVE_STDLIB_H 1
#define HAVE_STRING_H 1
#define HAVE_INTTYPES_H 1
#define HAVE_STDINT_H 1
#define HAVE_STRINGS_H 1
#define HAVE_SYS_STAT_H 1
#define HAVE_SYS_TYPES_H 1
#define HAVE_UNISTD_H 1
#define STDC_HEADERS 1
#define HAVE_DLFCN_H 1
#define LT_OBJDIR ".libs/"
#define HAVE_LIBJACK 1
#define HAVE_LIBPTHREAD 1

configure: exit 0

## ---------------------- ##
## Running config.status. ##
## ---------------------- ##

This file was extended by larasynth config.status 0.2.5, which was
generated by GNU Autoconf 2.71.  Invocation command line was

  CONFIG_FILES    = 
  CONFIG_HEADERS  = 
  CONFIG_LINKS    = 
  CONFIG_COMMANDS = 
  $ ./config.status 

on aaron-virtual-machine

config.status:1159: creating Makefile
config.status:1159: creating lib/Makefile
config.status:1159: creating lib/gtest/Makefile
config.status:1159: creating src/Makefile
config.status:1159: creating tests/Makefile
config.status:1159: creating config.h
config.status:1388: executing depfiles commands
config.status:1465: cd lib/gtest       && sed -e '/# am--include-marker/d' Makefile         | make -f - am--depfiles
make[1]: Entering directory '/home/aaron/csci390/built/larasynth-0.2.5/lib/gtest'
make[1]: Nothing to be done for 'am--depfiles'.
make[1]: Leaving directory '/home/aaron/csci390/built/larasynth-0.2.5/lib/gtest'
config.status:1470: $? = 0
config.status:1465: cd src       && sed -e '/# am--include-marker/d' Makefile         | make -f - am--depfiles
make[1]: Entering directory '/home/aaron/csci390/built/larasynth-0.2.5/src'
make[1]: Nothing to be done for 'am--depfiles'.
make[1]: Leaving directory '/home/aaron/csci390/built/larasynth-0.2.5/src'
config.status:1470: $? = 0
config.status:1465: cd tests       && sed -e '/# am--include-marker/d' Makefile         | make -f - am--depfiles
make[1]: Entering directory '/home/aaron/csci390/built/larasynth-0.2.5/tests'
make[1]: Nothing to be done for 'am--depfiles'.
make[1]: Leaving directory '/home/aaron/csci390/built/larasynth-0.2.5/tests'
config.status:1470: $? = 0
config.status:1388: executing libtool commands
