/bin/bash ./config.status --recheck
running CONFIG_SHELL=/bin/bash /bin/bash ./configure --no-create --no-recursion
checking for a BSD-compatible install... /usr/bin/install -c
checking whether build environment is sane... yes
checking for a race-free mkdir -p... /usr/bin/mkdir -p
checking for gawk... no
checking for mawk... mawk
checking whether make sets $(MAKE)... yes
checking whether make supports nested variables... yes
checking whether make supports nested variables... (cached) yes
checking build system type... x86_64-pc-linux-gnu
checking host system type... x86_64-pc-linux-gnu
checking how to print strings... printf
checking whether make supports the include directive... yes (GNU style)
checking for gcc... gcc
checking whether the C compiler works... yes
checking for C compiler default output file name... a.out
checking for suffix of executables... 
checking whether we are cross compiling... no
checking for suffix of object files... o
checking whether the compiler supports GNU C... yes
checking whether gcc accepts -g... yes
checking for gcc option to enable C11 features... none needed
checking whether gcc understands -c and -o together... yes
checking dependency style of gcc... gcc3
checking for a sed that does not truncate output... /usr/bin/sed
checking for grep that handles long lines and -e... /usr/bin/grep
checking for egrep... /usr/bin/grep -E
checking for fgrep... /usr/bin/grep -F
checking for ld used by gcc... /usr/bin/ld
checking if the linker (/usr/bin/ld) is GNU ld... yes
checking for BSD- or MS-compatible name lister (nm)... /usr/bin/nm -B
checking the name lister (/usr/bin/nm -B) interface... BSD nm
checking whether ln -s works... yes
checking the maximum length of command line arguments... 1572864
checking how to convert x86_64-pc-linux-gnu file names to x86_64-pc-linux-gnu format... func_convert_file_noop
checking how to convert x86_64-pc-linux-gnu file names to toolchain format... func_convert_file_noop
checking for /usr/bin/ld option to reload object files... -r
checking for objdump... objdump
checking how to recognize dependent libraries... pass_all
checking for dlltool... no
checking how to associate runtime and link libraries... printf %s\n
checking for ar... ar
checking for archiver @FILE support... @
checking for strip... strip
checking for ranlib... ranlib
checking command to parse /usr/bin/nm -B output from gcc object... ok
checking for sysroot... no
checking for a working dd... /usr/bin/dd
checking how to truncate binary pipes... /usr/bin/dd bs=4096 count=1
checking for mt... mt
checking if mt is a manifest tool... no
checking for stdio.h... yes
checking for stdlib.h... yes
checking for string.h... yes
checking for inttypes.h... yes
checking for stdint.h... yes
checking for strings.h... yes
checking for sys/stat.h... yes
checking for sys/types.h... yes
checking for unistd.h... yes
checking for dlfcn.h... yes
checking for objdir... .libs
checking if gcc supports -fno-rtti -fno-exceptions... no
checking for gcc option to produce PIC... -fPIC -DPIC
checking if gcc PIC flag -fPIC -DPIC works... yes
checking if gcc static flag -static works... yes
checking if gcc supports -c -o file.o... yes
checking if gcc supports -c -o file.o... (cached) yes
checking whether the gcc linker (/usr/bin/ld -m elf_x86_64) supports shared libraries... yes
checking whether -lc should be explicitly linked in... no
checking dynamic linker characteristics... GNU/Linux ld.so
checking how to hardcode library paths into programs... immediate
checking whether stripping libraries is possible... yes
checking if libtool supports shared libraries... yes
checking whether to build shared libraries... yes
checking whether to build static libraries... yes
checking for gcc... (cached) gcc
checking whether the compiler supports GNU C... (cached) yes
checking whether gcc accepts -g... (cached) yes
checking for gcc option to enable C11 features... (cached) none needed
checking whether gcc understands -c and -o together... (cached) yes
checking dependency style of gcc... (cached) gcc3
checking for g++... g++
checking whether the compiler supports GNU C++... yes
checking whether g++ accepts -g... yes
checking for g++ option to enable C++11 features... none needed
checking dependency style of g++... gcc3
checking how to run the C++ preprocessor... g++ -E
checking for ld used by g++... /usr/bin/ld -m elf_x86_64
checking if the linker (/usr/bin/ld -m elf_x86_64) is GNU ld... yes
checking whether the g++ linker (/usr/bin/ld -m elf_x86_64) supports shared libraries... yes
checking for g++ option to produce PIC... -fPIC -DPIC
checking if g++ PIC flag -fPIC -DPIC works... yes
checking if g++ static flag -static works... yes
checking if g++ supports -c -o file.o... yes
checking if g++ supports -c -o file.o... (cached) yes
checking whether the g++ linker (/usr/bin/ld -m elf_x86_64) supports shared libraries... yes
checking dynamic linker characteristics... (cached) GNU/Linux ld.so
checking how to hardcode library paths into programs... immediate
checking whether g++ supports C++11 features by default... yes
checking whether to enable the GCC warnings... no
checking for MIDI API... using JACK
checking for jack_client_open in -ljack... yes
checking for pthread_create in -lpthread... yes
checking for the pthreads library -lpthreads... no
checking whether pthreads work without any flags... yes
checking for joinable pthread attribute... PTHREAD_CREATE_JOINABLE
checking if more special flags are required for pthreads... no
checking whether to check for GCC pthread/shared inconsistencies... yes
checking whether -pthread is sufficient with -shared... yes
checking that generated files are newer than configure... done
configure: creating ./config.status

Larasynth 0.2.5 is now configured

Configure Information:
  C Compiler        : gcc
    DEFS            :   -DHAVE_CONFIG_H
    CPPFLAGS        :     -D__UNIX_JACK__
    CFLAGS          :   -g -O2

  C++ Compiler      : g++
    DEFS            :   -DHAVE_CONFIG_H
    CPPFLAGS        :     -D__UNIX_JACK__
    CXXFLAGS        :   -g -O2

  Linker            : /usr/bin/ld -m elf_x86_64
    LDFLAGS         :   
    LIBS            :   -lpthread -ljack 

  Google Test
    GTEST_CPPFLAGS  : -DGTEST_HAS_PTHREAD=1
    GTEST_CXXFLAGS  : 
    GTEST_LDFLAGS   : 
    GTEST_LIBS      : 

 /bin/bash ./config.status
config.status: creating Makefile
config.status: creating lib/Makefile
config.status: creating lib/gtest/Makefile
config.status: creating src/Makefile
config.status: creating tests/Makefile
config.status: creating config.h
config.status: executing depfiles commands
config.status: executing libtool commands
make  all-recursive
make[1]: Entering directory '/home/aaron/csci390/built/larasynth-0.2.5'
Making all in lib
make[2]: Entering directory '/home/aaron/csci390/built/larasynth-0.2.5/lib'
Making all in gtest
make[3]: Entering directory '/home/aaron/csci390/built/larasynth-0.2.5/lib/gtest'
make[3]: Nothing to be done for 'all'.
make[3]: Leaving directory '/home/aaron/csci390/built/larasynth-0.2.5/lib/gtest'
make[3]: Entering directory '/home/aaron/csci390/built/larasynth-0.2.5/lib'
make[3]: Nothing to be done for 'all-am'.
make[3]: Leaving directory '/home/aaron/csci390/built/larasynth-0.2.5/lib'
make[2]: Leaving directory '/home/aaron/csci390/built/larasynth-0.2.5/lib'
Making all in src
make[2]: Entering directory '/home/aaron/csci390/built/larasynth-0.2.5/src'
  CXX      config_directory.o
  CXX      config_parameter.o
  CXX      config_parameters.o
  CXX      config_parser.o
  CXX      event.o
  CXX      event_logger.o
  CXX      event_pool.o
  CXX      event_queue.o
  CXX      interactive_prompt.o
  CXX      lara.o
  CXX      lexer.o
  CXX      littlelstm/json_exporter.o
  CXX      littlelstm/json_importer.o
  CXX      littlelstm/lstm_architecture.o
  CXX      littlelstm/lstm_layer_config.o
  CXX      littlelstm/lstm_network.o
  CXX      littlelstm/lstm_unit_properties.o
  CXX      lstm_config.o
  CXX      lstm_trainer.o
  CXX      lstm_validation_results.o
  CXX      midi_config.o
  CXX      midi_file_reader.o
  CXX      midi_min_max.o
  CXX      midi_translator.o
  CXX      midifile/Binasc.o
  CXX      midifile/MidiEvent.o
  CXX      midifile/MidiEventList.o
  CXX      midifile/MidiFile.o
  CXX      midifile/MidiMessage.o
  CXX      midifile/Options.o
  CXX      performer.o
  CXX      performing_config.o
  CXX      recorder.o
  CXX      representation_config.o
  CXX      rtmidi/RtMidi.o
  CXX      rtmidi_client.o
  CXX      tokens.o
  CXX      trainer.o
  CXX      training_config.o
  CXX      training_event_stream.o
  CXX      training_results.o
  CXX      training_sequence.o
  CXX      training_sequence_parser.o
  CXX      write_training_example.o
  CXXLD    lara
make[2]: Leaving directory '/home/aaron/csci390/built/larasynth-0.2.5/src'
Making all in tests
make[2]: Entering directory '/home/aaron/csci390/built/larasynth-0.2.5/tests'
make[2]: Nothing to be done for 'all'.
make[2]: Leaving directory '/home/aaron/csci390/built/larasynth-0.2.5/tests'
make[2]: Entering directory '/home/aaron/csci390/built/larasynth-0.2.5'
make[2]: Leaving directory '/home/aaron/csci390/built/larasynth-0.2.5'
make[1]: Leaving directory '/home/aaron/csci390/built/larasynth-0.2.5'
