Making install in lib
make[1]: Entering directory '/home/aaron/csci390/built/larasynth-0.2.5/lib'
Making install in gtest
make[2]: Entering directory '/home/aaron/csci390/built/larasynth-0.2.5/lib/gtest'
make[3]: Entering directory '/home/aaron/csci390/built/larasynth-0.2.5/lib/gtest'
make[3]: Nothing to be done for 'install-exec-am'.
make[3]: Nothing to be done for 'install-data-am'.
make[3]: Leaving directory '/home/aaron/csci390/built/larasynth-0.2.5/lib/gtest'
make[2]: Leaving directory '/home/aaron/csci390/built/larasynth-0.2.5/lib/gtest'
make[2]: Entering directory '/home/aaron/csci390/built/larasynth-0.2.5/lib'
make[3]: Entering directory '/home/aaron/csci390/built/larasynth-0.2.5/lib'
make[3]: Nothing to be done for 'install-exec-am'.
make[3]: Nothing to be done for 'install-data-am'.
make[3]: Leaving directory '/home/aaron/csci390/built/larasynth-0.2.5/lib'
make[2]: Leaving directory '/home/aaron/csci390/built/larasynth-0.2.5/lib'
make[1]: Leaving directory '/home/aaron/csci390/built/larasynth-0.2.5/lib'
Making install in src
make[1]: Entering directory '/home/aaron/csci390/built/larasynth-0.2.5/src'
make[2]: Entering directory '/home/aaron/csci390/built/larasynth-0.2.5/src'
 /usr/bin/mkdir -p '/usr/local/bin'
  /bin/bash ../libtool   --mode=install /usr/bin/install -c lara '/usr/local/bin'
libtool: install: /usr/bin/install -c lara /usr/local/bin/lara
make[2]: Nothing to be done for 'install-data-am'.
make[2]: Leaving directory '/home/aaron/csci390/built/larasynth-0.2.5/src'
make[1]: Leaving directory '/home/aaron/csci390/built/larasynth-0.2.5/src'
Making install in tests
make[1]: Entering directory '/home/aaron/csci390/built/larasynth-0.2.5/tests'
make[2]: Entering directory '/home/aaron/csci390/built/larasynth-0.2.5/tests'
make[2]: Nothing to be done for 'install-exec-am'.
make[2]: Nothing to be done for 'install-data-am'.
make[2]: Leaving directory '/home/aaron/csci390/built/larasynth-0.2.5/tests'
make[1]: Leaving directory '/home/aaron/csci390/built/larasynth-0.2.5/tests'
make[1]: Entering directory '/home/aaron/csci390/built/larasynth-0.2.5'
make[2]: Entering directory '/home/aaron/csci390/built/larasynth-0.2.5'
make[2]: Nothing to be done for 'install-exec-am'.
make[2]: Nothing to be done for 'install-data-am'.
make[2]: Leaving directory '/home/aaron/csci390/built/larasynth-0.2.5'
make[1]: Leaving directory '/home/aaron/csci390/built/larasynth-0.2.5'
